
> three-d-portfolio-2025@0.0.0 build
> vite build

vite v6.4.1 building for production...
transforming...
✓ 2351 modules transformed.
✗ Build failed in 11.20s
error during build:
src/sections/NewSkills.jsx (5:4): "SiAmazon" is not exported by "node_modules/react-icons/si/index.mjs", imported by "src/sections/NewSkills.jsx".
file: /home/razeen/Downloads/portfoli/src/sections/NewSkills.jsx:5:4

3: import {
4:     SiReact, SiPython, SiRubyonrails, SiFastapi, SiDocker,
5:     SiAmazon, SiMongodb, SiNodedotjs, SiGit, SiLinux,
       ^
6:     SiPostgresql
7: } from "react-icons/si";

    at getRollupError (file:///home/razeen/Downloads/portfoli/node_modules/rollup/dist/es/shared/parseAst.js:402:41)
    at error (file:///home/razeen/Downloads/portfoli/node_modules/rollup/dist/es/shared/parseAst.js:398:42)
    at Module.error (file:///home/razeen/Downloads/portfoli/node_modules/rollup/dist/es/shared/node-entry.js:17040:16)
    at Module.traceVariable (file:///home/razeen/Downloads/portfoli/node_modules/rollup/dist/es/shared/node-entry.js:17452:29)
    at ModuleScope.findVariable (file:///home/razeen/Downloads/portfoli/node_modules/rollup/dist/es/shared/node-entry.js:15070:39)
    at ReturnValueScope.findVariable (file:///home/razeen/Downloads/portfoli/node_modules/rollup/dist/es/shared/node-entry.js:5673:38)
    at FunctionBodyScope.findVariable (file:///home/razeen/Downloads/portfoli/node_modules/rollup/dist/es/shared/node-entry.js:5673:38)
    at BlockScope.findVariable (file:///home/razeen/Downloads/portfoli/node_modules/rollup/dist/es/shared/node-entry.js:5673:38)
    at Identifier.bind (file:///home/razeen/Downloads/portfoli/node_modules/rollup/dist/es/shared/node-entry.js:5447:40)
    at CallExpression.bind (file:///home/razeen/Downloads/portfoli/node_modules/rollup/dist/es/shared/node-entry.js:2825:28)
